<?xml version="1.0" encoding="UTF-8"?>
<testsuite name="ohtu.matkakortti.KassapaateTest" tests="4" skipped="0" failures="0" errors="0" timestamp="2019-11-21T20:51:54" hostname="Ville-ThinkPad" time="0.232">
  <properties/>
  <testcase name="kortilleLadataanRahaaJosMaaraPositiivinen" classname="ohtu.matkakortti.KassapaateTest" time="0.226"/>
  <testcase name="kortiltaVelotetaanHintaJosRahaaOn" classname="ohtu.matkakortti.KassapaateTest" time="0.004"/>
  <testcase name="kortilleEiLadataJosMaaraNegatiivinen" classname="ohtu.matkakortti.KassapaateTest" time="0.0"/>
  <testcase name="kortiltaEiVelotetaJosRahaEiRiita" classname="ohtu.matkakortti.KassapaateTest" time="0.0"/>
  <system-out><![CDATA[]]></system-out>
  <system-err><![CDATA[]]></system-err>
</testsuite>
