<?xml version="1.0" encoding="UTF-8"?>
<testsuite name="ohtuesimerkki.StatisticsTest" tests="4" skipped="0" failures="0" errors="0" timestamp="2019-10-31T23:26:27" hostname="Ville-ThinkPad" time="0.002">
  <properties/>
  <testcase name="teamSearchWorks" classname="ohtuesimerkki.StatisticsTest" time="0.001"/>
  <testcase name="topScorersSearchWorks" classname="ohtuesimerkki.StatisticsTest" time="0.0"/>
  <testcase name="playerSearchWorks" classname="ohtuesimerkki.StatisticsTest" time="0.0"/>
  <testcase name="nonexistentPlayerSearchDoesNotWork" classname="ohtuesimerkki.StatisticsTest" time="0.0"/>
  <system-out><![CDATA[]]></system-out>
  <system-err><![CDATA[]]></system-err>
</testsuite>
