<?xml version="1.0" encoding="UTF-8"?>
<testsuite name="ohtu.laskin.LaskinTest" tests="1" skipped="0" failures="0" errors="0" timestamp="2019-10-31T21:59:19" hostname="Ville-ThinkPad" time="0.001">
  <properties/>
  <testcase name="yksiSummaOikein" classname="ohtu.laskin.LaskinTest" time="0.001"/>
  <system-out><![CDATA[]]></system-out>
  <system-err><![CDATA[]]></system-err>
</testsuite>
